[ Sep 16 2014 10:57:45 ] [var/cache/ini/i18n-f7061ade0fe840d15a8c81f654b48eb1.php]
[ Sep 16 2014 10:57:45 ] [var/cache/ini/template-c6ee29cf29032e5b4d98caef606d8fbd.php]
[ Sep 16 2014 10:57:45 ] [var/cache/ini/file-33c0d0b2750379ea6bbc0a7c3b47cab4.php]
[ Sep 16 2014 10:57:45 ] [var/cache/ini/debug-30b58d57277a91a861853a35747eb10e.php]
[ Sep 16 2014 10:57:45 ] [var/cache//active_extensions_5db94c129c16f064fa7908295030592a.php]
[ Sep 16 2014 10:57:45 ] [var/cache/ini/site-0d401994940d91c2a13fe70bcf599bfd.php]
[ Sep 16 2014 10:58:11 ] [var/cache/ini/site-c1623af31c16fc3ffee5a05097e95dd6.php]
[ Sep 16 2014 10:58:11 ] [var/cache/ini/i18n-678d2accc237fa9079b9b3abc491748f.php]
[ Sep 16 2014 10:58:11 ] [var/cache/ini/i18n-f7061ade0fe840d15a8c81f654b48eb1.php]
[ Sep 16 2014 10:58:11 ] [var/cache/ini/template-c6ee29cf29032e5b4d98caef606d8fbd.php]
[ Sep 16 2014 10:58:11 ] [var/cache/ini/file-33c0d0b2750379ea6bbc0a7c3b47cab4.php]
[ Sep 16 2014 10:58:11 ] [var/cache/ini/debug-30b58d57277a91a861853a35747eb10e.php]
[ Sep 16 2014 10:58:11 ] [var/cache//active_extensions_5db94c129c16f064fa7908295030592a.php]
[ Sep 16 2014 10:58:11 ] [var/cache/ini/site-0d401994940d91c2a13fe70bcf599bfd.php]
[ Sep 16 2014 10:58:35 ] [var/cache/ini/site-c1623af31c16fc3ffee5a05097e95dd6.php]
[ Sep 16 2014 10:58:35 ] [var/cache/ini/i18n-678d2accc237fa9079b9b3abc491748f.php]
[ Sep 16 2014 10:58:35 ] [var/cache/ini/i18n-f7061ade0fe840d15a8c81f654b48eb1.php]
[ Sep 16 2014 10:58:35 ] [var/cache/ini/template-c6ee29cf29032e5b4d98caef606d8fbd.php]
[ Sep 16 2014 10:58:35 ] [var/cache/ini/file-33c0d0b2750379ea6bbc0a7c3b47cab4.php]
[ Sep 16 2014 10:58:35 ] [var/cache/ini/debug-30b58d57277a91a861853a35747eb10e.php]
[ Sep 16 2014 10:58:35 ] [var/cache//active_extensions_5db94c129c16f064fa7908295030592a.php]
[ Sep 16 2014 10:58:35 ] [var/cache/ini/site-0d401994940d91c2a13fe70bcf599bfd.php]
[ Sep 16 2014 10:59:10 ] [var/cache/ini/site-c1623af31c16fc3ffee5a05097e95dd6.php]
[ Sep 16 2014 10:59:10 ] [var/cache/ini/i18n-678d2accc237fa9079b9b3abc491748f.php]
[ Sep 16 2014 10:59:10 ] [var/cache/ini/i18n-f7061ade0fe840d15a8c81f654b48eb1.php]
[ Sep 16 2014 10:59:10 ] [var/cache/ini/template-c6ee29cf29032e5b4d98caef606d8fbd.php]
[ Sep 16 2014 10:59:10 ] [var/cache/ini/file-33c0d0b2750379ea6bbc0a7c3b47cab4.php]
[ Sep 16 2014 10:59:10 ] [var/cache/ini/debug-30b58d57277a91a861853a35747eb10e.php]
[ Sep 16 2014 10:59:10 ] [var/cache//active_extensions_5db94c129c16f064fa7908295030592a.php]
[ Sep 16 2014 10:59:10 ] [var/cache/ini/site-0d401994940d91c2a13fe70bcf599bfd.php]
[ Sep 16 2014 11:00:08 ] [var/cache/ini/site-c1623af31c16fc3ffee5a05097e95dd6.php]
[ Sep 16 2014 11:00:08 ] [var/cache/ini/i18n-678d2accc237fa9079b9b3abc491748f.php]
[ Sep 16 2014 11:00:08 ] [var/cache/ini/i18n-f7061ade0fe840d15a8c81f654b48eb1.php]
[ Sep 16 2014 11:00:08 ] [var/cache/ini/template-c6ee29cf29032e5b4d98caef606d8fbd.php]
[ Sep 16 2014 11:00:08 ] [var/cache/ini/file-33c0d0b2750379ea6bbc0a7c3b47cab4.php]
[ Sep 16 2014 11:00:08 ] [var/cache/ini/debug-30b58d57277a91a861853a35747eb10e.php]
[ Sep 16 2014 11:00:08 ] [var/cache//active_extensions_5db94c129c16f064fa7908295030592a.php]
[ Sep 16 2014 11:00:08 ] [var/cache/ini/site-0d401994940d91c2a13fe70bcf599bfd.php]
